c:\users\gwg\desktop\sgs moniceliang\writesource\writesource\writesource\debug\write.obj
c:\users\gwg\desktop\sgs moniceliang\writesource\writesource\writesource\debug\vc100.pdb
c:\users\gwg\desktop\sgs moniceliang\writesource\writesource\debug\write.obj
c:\users\gwg\desktop\sgs moniceliang\writesource\writesource\debug\vc100.pdb
c:\users\guweiguo\desktop\stgs\writesource\writesource\debug\write.obj
c:\users\guweiguo\desktop\stgs\writesource\writesource\debug\vc100.pdb
c:\users\gwg\desktop\stgs-new\writesource\writesource\debug\write.obj
c:\users\gwg\desktop\stgs-new\writesource\writesource\debug\vc100.pdb
g:\0 研究工作\低中放射性废物桶探测系统研制\stgs-new\writesource\writesource\debug\write.obj
g:\0 研究工作\低中放射性废物桶探测系统研制\stgs-new\writesource\writesource\debug\vc100.pdb
i:\tgs\tgs-400l\writesource\writesource\debug\write.obj
i:\tgs\tgs-400l\writesource\writesource\debug\vc100.pdb
g:\0 研究工作\低中放射性废物桶探测系统研制\paper\tgs-400l\writesource\writesource\debug\write.obj
g:\0 研究工作\低中放射性废物桶探测系统研制\paper\tgs-400l\writesource\writesource\debug\vc100.pdb
c:\users\gwg\desktop\sgs moniceliang\writesource\writesource\debug\writesource.ilk
c:\users\gwg\desktop\sgs moniceliang\writesource\writesource\debug\writesource.exe
c:\users\gwg\desktop\sgs moniceliang\writesource\writesource\writesource\debug\writesource.exe.intermediate.manifest
c:\users\gwg\desktop\sgs moniceliang\writesource\writesource\debug\writesource.pdb
c:\users\gwg\desktop\sgs moniceliang\writesource\debug\writesource.ilk
c:\users\gwg\desktop\sgs moniceliang\writesource\debug\writesource.exe
c:\users\gwg\desktop\sgs moniceliang\writesource\writesource\debug\writesource.exe.intermediate.manifest
c:\users\gwg\desktop\sgs moniceliang\writesource\debug\writesource.pdb
c:\users\guweiguo\desktop\stgs\writesource\debug\writesource.ilk
c:\users\guweiguo\desktop\stgs\writesource\debug\writesource.exe
c:\users\guweiguo\desktop\stgs\writesource\writesource\debug\writesource.exe.intermediate.manifest
c:\users\guweiguo\desktop\stgs\writesource\debug\writesource.pdb
c:\users\gwg\desktop\stgs-new\writesource\debug\writesource.ilk
c:\users\gwg\desktop\stgs-new\writesource\debug\writesource.exe
c:\users\gwg\desktop\stgs-new\writesource\writesource\debug\writesource.exe.intermediate.manifest
c:\users\gwg\desktop\stgs-new\writesource\debug\writesource.pdb
g:\0 研究工作\低中放射性废物桶探测系统研制\stgs-new\writesource\debug\writesource.ilk
g:\0 研究工作\低中放射性废物桶探测系统研制\stgs-new\writesource\debug\writesource.exe
g:\0 研究工作\低中放射性废物桶探测系统研制\stgs-new\writesource\writesource\debug\writesource.exe.intermediate.manifest
g:\0 研究工作\低中放射性废物桶探测系统研制\stgs-new\writesource\debug\writesource.pdb
i:\tgs\tgs-400l\writesource\debug\writesource.ilk
i:\tgs\tgs-400l\writesource\debug\writesource.exe
i:\tgs\tgs-400l\writesource\writesource\debug\writesource.exe.intermediate.manifest
i:\tgs\tgs-400l\writesource\debug\writesource.pdb
g:\0 研究工作\低中放射性废物桶探测系统研制\paper\tgs-400l\writesource\debug\writesource.ilk
g:\0 研究工作\低中放射性废物桶探测系统研制\paper\tgs-400l\writesource\debug\writesource.exe
g:\0 研究工作\低中放射性废物桶探测系统研制\paper\tgs-400l\writesource\writesource\debug\writesource.exe.intermediate.manifest
g:\0 研究工作\低中放射性废物桶探测系统研制\paper\tgs-400l\writesource\debug\writesource.pdb
c:\users\gwg\desktop\sgs moniceliang\writesource\writesource\writesource\debug\writesource.exe.embed.manifest
c:\users\guweiguo\desktop\stgs\writesource\writesource\debug\writesource.exe.embed.manifest
c:\users\gwg\desktop\stgs-new\writesource\writesource\debug\writesource.exe.embed.manifest
c:\users\gwg\desktop\sgs moniceliang\writesource\writesource\writesource\debug\writesource.exe.embed.manifest.res
c:\users\gwg\desktop\sgs moniceliang\writesource\writesource\debug\writesource.exe.embed.manifest.res
c:\users\guweiguo\desktop\stgs\writesource\writesource\debug\writesource.exe.embed.manifest.res
c:\users\gwg\desktop\stgs-new\writesource\writesource\debug\writesource.exe.embed.manifest.res
g:\0 研究工作\低中放射性废物桶探测系统研制\stgs-new\writesource\writesource\debug\writesource.exe.embed.manifest.res
i:\tgs\tgs-400l\writesource\writesource\debug\writesource.exe.embed.manifest.res
g:\0 研究工作\低中放射性废物桶探测系统研制\paper\tgs-400l\writesource\writesource\debug\writesource.exe.embed.manifest.res
e:\tgs\400l\writesource\writesource\debug\vc120.pdb
e:\tgs\400l\writesource\writesource\debug\vc120.idb
e:\tgs\400l\writesource\writesource\debug\write.obj
e:\tgs\400l\writesource\writesource\debug\writesource.vcxprojresolveassemblyreference.cache
e:\tgs\400l\writesource\writesource\debug\cl.command.1.tlog
e:\tgs\400l\writesource\writesource\debug\cl.read.1.tlog
e:\tgs\400l\writesource\writesource\debug\cl.write.1.tlog
e:\tgs\400l\writesource\writesource\debug\link-cvtres.read.1.tlog
e:\tgs\400l\writesource\writesource\debug\link-cvtres.write.1.tlog
e:\tgs\400l\writesource\writesource\debug\link.10344-cvtres.read.1.tlog
e:\tgs\400l\writesource\writesource\debug\link.10344-cvtres.write.1.tlog
e:\tgs\400l\writesource\writesource\debug\link.10344.read.1.tlog
e:\tgs\400l\writesource\writesource\debug\link.10344.write.1.tlog
e:\tgs\400l\writesource\writesource\debug\link.14840-cvtres.read.1.tlog
e:\tgs\400l\writesource\writesource\debug\link.14840-cvtres.write.1.tlog
e:\tgs\400l\writesource\writesource\debug\link.14840.read.1.tlog
e:\tgs\400l\writesource\writesource\debug\link.14840.write.1.tlog
e:\tgs\400l\writesource\writesource\debug\link.15208-cvtres.read.1.tlog
e:\tgs\400l\writesource\writesource\debug\link.15208-cvtres.write.1.tlog
e:\tgs\400l\writesource\writesource\debug\link.15208.read.1.tlog
e:\tgs\400l\writesource\writesource\debug\link.15208.write.1.tlog
e:\tgs\400l\writesource\writesource\debug\link.1592-cvtres.read.1.tlog
e:\tgs\400l\writesource\writesource\debug\link.1592-cvtres.write.1.tlog
e:\tgs\400l\writesource\writesource\debug\link.1592.read.1.tlog
e:\tgs\400l\writesource\writesource\debug\link.1592.write.1.tlog
e:\tgs\400l\writesource\writesource\debug\link.17076-cvtres.read.1.tlog
e:\tgs\400l\writesource\writesource\debug\link.17076-cvtres.write.1.tlog
e:\tgs\400l\writesource\writesource\debug\link.17076.read.1.tlog
e:\tgs\400l\writesource\writesource\debug\link.17076.write.1.tlog
e:\tgs\400l\writesource\writesource\debug\link.22096-cvtres.read.1.tlog
e:\tgs\400l\writesource\writesource\debug\link.22096-cvtres.write.1.tlog
e:\tgs\400l\writesource\writesource\debug\link.22096.read.1.tlog
e:\tgs\400l\writesource\writesource\debug\link.22096.write.1.tlog
e:\tgs\400l\writesource\writesource\debug\link.22624-cvtres.read.1.tlog
e:\tgs\400l\writesource\writesource\debug\link.22624-cvtres.write.1.tlog
e:\tgs\400l\writesource\writesource\debug\link.22624.read.1.tlog
e:\tgs\400l\writesource\writesource\debug\link.22624.write.1.tlog
e:\tgs\400l\writesource\writesource\debug\link.23472-cvtres.read.1.tlog
e:\tgs\400l\writesource\writesource\debug\link.23472-cvtres.write.1.tlog
e:\tgs\400l\writesource\writesource\debug\link.23472.read.1.tlog
e:\tgs\400l\writesource\writesource\debug\link.23472.write.1.tlog
e:\tgs\400l\writesource\writesource\debug\link.25000-cvtres.read.1.tlog
e:\tgs\400l\writesource\writesource\debug\link.25000-cvtres.write.1.tlog
e:\tgs\400l\writesource\writesource\debug\link.25000.read.1.tlog
e:\tgs\400l\writesource\writesource\debug\link.25000.write.1.tlog
e:\tgs\400l\writesource\writesource\debug\link.27384-cvtres.read.1.tlog
e:\tgs\400l\writesource\writesource\debug\link.27384-cvtres.write.1.tlog
e:\tgs\400l\writesource\writesource\debug\link.27384.read.1.tlog
e:\tgs\400l\writesource\writesource\debug\link.27384.write.1.tlog
e:\tgs\400l\writesource\writesource\debug\link.31628-cvtres.read.1.tlog
e:\tgs\400l\writesource\writesource\debug\link.31628-cvtres.write.1.tlog
e:\tgs\400l\writesource\writesource\debug\link.31628.read.1.tlog
e:\tgs\400l\writesource\writesource\debug\link.31628.write.1.tlog
e:\tgs\400l\writesource\writesource\debug\link.37172-cvtres.read.1.tlog
e:\tgs\400l\writesource\writesource\debug\link.37172-cvtres.write.1.tlog
e:\tgs\400l\writesource\writesource\debug\link.37172.read.1.tlog
e:\tgs\400l\writesource\writesource\debug\link.37172.write.1.tlog
e:\tgs\400l\writesource\writesource\debug\link.37212-cvtres.read.1.tlog
e:\tgs\400l\writesource\writesource\debug\link.37212-cvtres.write.1.tlog
e:\tgs\400l\writesource\writesource\debug\link.37212.read.1.tlog
e:\tgs\400l\writesource\writesource\debug\link.37212.write.1.tlog
e:\tgs\400l\writesource\writesource\debug\link.41592-cvtres.read.1.tlog
e:\tgs\400l\writesource\writesource\debug\link.41592-cvtres.write.1.tlog
e:\tgs\400l\writesource\writesource\debug\link.41592.read.1.tlog
e:\tgs\400l\writesource\writesource\debug\link.41592.write.1.tlog
e:\tgs\400l\writesource\writesource\debug\link.8580-cvtres.read.1.tlog
e:\tgs\400l\writesource\writesource\debug\link.8580-cvtres.write.1.tlog
e:\tgs\400l\writesource\writesource\debug\link.8580.read.1.tlog
e:\tgs\400l\writesource\writesource\debug\link.8580.write.1.tlog
e:\tgs\400l\writesource\writesource\debug\link.command.1.tlog
e:\tgs\400l\writesource\writesource\debug\link.read.1.tlog
e:\tgs\400l\writesource\writesource\debug\link.write.1.tlog
e:\tgs\400l\writesource\writesource\debug\mt.command.1.tlog
e:\tgs\400l\writesource\writesource\debug\mt.read.1.tlog
e:\tgs\400l\writesource\writesource\debug\mt.write.1.tlog
e:\tgs\400l\writesource\writesource\debug\rc.command.1.tlog
e:\tgs\400l\writesource\writesource\debug\rc.read.1.tlog
e:\tgs\400l\writesource\writesource\debug\rc.write.1.tlog
e:\tgs\400l\writesource\writesource\debug\writesource.write.1.tlog
e:\tgs\400l\writesource\writesource\debug\writesource.exe.embed.manifest
e:\tgs\400l\writesource\writesource\debug\writesource.exe.intermediate.manifest
e:\tgs\400l\writesource\writesource\debug\writesource.exe.embed.manifest.res
e:\tgs\400l\writesource\writesource\debug\vc100.idb
e:\tgs\400l\writesource\writesource\debug\vc100.pdb
e:\tgs\400l\writesource\writesource\debug\writesource_manifest.rc
e:\tgs\400l\writesource\debug\writesource.pdb
e:\tgs\400l\writesource\writesource\debug\writesource.tlog\cl.command.1.tlog
e:\tgs\400l\writesource\writesource\debug\writesource.tlog\cl.read.1.tlog
e:\tgs\400l\writesource\writesource\debug\writesource.tlog\cl.write.1.tlog
e:\tgs\400l\writesource\writesource\debug\writesource.tlog\link-cvtres.read.1.tlog
e:\tgs\400l\writesource\writesource\debug\writesource.tlog\link-cvtres.write.1.tlog
e:\tgs\400l\writesource\writesource\debug\writesource.tlog\link-rc.read.1.tlog
e:\tgs\400l\writesource\writesource\debug\writesource.tlog\link-rc.write.1.tlog
e:\tgs\400l\writesource\writesource\debug\writesource.tlog\link.command.1.tlog
e:\tgs\400l\writesource\writesource\debug\writesource.tlog\link.read.1.tlog
e:\tgs\400l\writesource\writesource\debug\writesource.tlog\link.write.1.tlog
